2026-03-25 09:26:36,638 [INFO] 🚀 ЭлитФинанс News Scraper | интервал: 30 мин
2026-03-25 09:26:39,149 [INFO] ✅ БД подключена
2026-03-25 09:26:39,151 [INFO] 🌐 Web: ФНС России
2026-03-25 09:26:39,152 [INFO] 🌐 Web: Клерк.ру
2026-03-25 09:26:39,152 [INFO] 🌐 Web: Audit-IT
2026-03-25 09:26:41,752 [INFO]   🔍 Audit-IT: 15 кандидатов
2026-03-25 09:26:41,963 [INFO]   🔍 ФНС России: 15 кандидатов
2026-03-25 09:26:44,679 [INFO]   🔍 Клерк.ру: 15 кандидатов
2026-03-25 09:26:50,404 [WARNING]   HTTP 429: https://www.audit-it.ru/news/account/1130823.html
2026-03-25 09:26:50,814 [INFO]   ✅ Audit-IT: 14 статей
2026-03-25 09:26:50,815 [INFO] 🌐 Web: Главбух
2026-03-25 09:26:51,166 [INFO]   ✅ ФНС России: 15 статей
2026-03-25 09:26:58,237 [INFO]   🔍 Главбух: 15 кандидатов
2026-03-25 09:27:23,707 [INFO]   ✅ Главбух: 15 статей
2026-03-25 09:27:44,852 [INFO]   ✅ Клерк.ру: 15 статей
2026-03-25 09:27:44,855 [INFO] 📥 Собрано: 59 новостей до фильтрации
2026-03-25 09:27:55,935 [INFO]   🤖 AI filter: 20 → 6 новостей (порог 7/10)
2026-03-25 09:28:06,476 [INFO]   🤖 AI filter: 20 → 10 новостей (порог 7/10)
2026-03-25 09:28:16,813 [INFO]   🤖 AI filter: 19 → 9 новостей (порог 7/10)
2026-03-25 09:28:16,818 [INFO] ✅ После AI-фильтра: 25 новостей
2026-03-25 09:28:16,819 [WARNING] DB insert error: server closed the connection unexpectedly
	This probably means the server terminated abnormally
	before or while processing the request.
server closed the connection unexpectedly
	This probably means the server terminated abnormally
	before or while processing the request.

2026-03-25 09:28:16,819 [WARNING] DB insert error: cursor already closed
2026-03-25 09:28:16,819 [WARNING] DB insert error: cursor already closed
2026-03-25 09:28:16,819 [WARNING] DB insert error: cursor already closed
2026-03-25 09:28:16,819 [WARNING] DB insert error: cursor already closed
2026-03-25 09:28:16,819 [WARNING] DB insert error: cursor already closed
2026-03-25 09:28:16,820 [WARNING] DB insert error: cursor already closed
2026-03-25 09:28:16,820 [WARNING] DB insert error: cursor already closed
2026-03-25 09:28:16,820 [WARNING] DB insert error: cursor already closed
2026-03-25 09:28:16,820 [WARNING] DB insert error: cursor already closed
2026-03-25 09:28:16,820 [WARNING] DB insert error: cursor already closed
2026-03-25 09:28:16,820 [WARNING] DB insert error: cursor already closed
2026-03-25 09:28:16,820 [WARNING] DB insert error: cursor already closed
2026-03-25 09:28:16,820 [WARNING] DB insert error: cursor already closed
2026-03-25 09:28:16,820 [WARNING] DB insert error: cursor already closed
2026-03-25 09:28:16,820 [WARNING] DB insert error: cursor already closed
2026-03-25 09:28:16,820 [WARNING] DB insert error: cursor already closed
2026-03-25 09:28:16,820 [WARNING] DB insert error: cursor already closed
2026-03-25 09:28:16,820 [WARNING] DB insert error: cursor already closed
2026-03-25 09:28:16,821 [WARNING] DB insert error: cursor already closed
2026-03-25 09:28:16,821 [WARNING] DB insert error: cursor already closed
2026-03-25 09:28:16,821 [WARNING] DB insert error: cursor already closed
2026-03-25 09:28:16,821 [WARNING] DB insert error: cursor already closed
2026-03-25 09:28:16,821 [WARNING] DB insert error: cursor already closed
2026-03-25 09:28:16,821 [WARNING] DB insert error: cursor already closed
2026-03-25 09:28:16,821 [INFO] 💾 Новых в БД: 0
2026-03-25 09:28:16,822 [INFO] ⏳ Следующий запуск через 30 мин
2026-03-25 09:32:10,870 [INFO] 🚀 ЭлитФинанс News Scraper | интервал: 30 мин
2026-03-25 09:32:14,264 [INFO] ✅ БД подключена
2026-03-25 09:32:14,268 [INFO] 🌐 Web: ФНС России
2026-03-25 09:32:14,268 [INFO] 🌐 Web: Клерк.ру
2026-03-25 09:32:14,269 [INFO] 🌐 Web: Audit-IT
2026-03-25 09:32:16,565 [INFO]   🔍 ФНС России: 15 кандидатов
2026-03-25 09:32:16,790 [INFO]   🔍 Audit-IT: 15 кандидатов
2026-03-25 09:32:19,365 [INFO]   🔍 Клерк.ру: 15 кандидатов
2026-03-25 09:32:25,654 [WARNING]   HTTP 429: https://www.audit-it.ru/news/account/1130823.html
2026-03-25 09:32:26,034 [INFO]   ✅ Audit-IT: 14 статей
2026-03-25 09:32:26,037 [INFO] 🌐 Web: Главбух
2026-03-25 09:32:26,862 [INFO]   ✅ ФНС России: 15 статей
2026-03-25 09:32:32,716 [INFO]   🔍 Главбух: 15 кандидатов
2026-03-25 09:32:57,951 [INFO]   ✅ Главбух: 15 статей
2026-03-25 09:33:20,187 [INFO]   ✅ Клерк.ру: 15 статей
2026-03-25 09:33:20,190 [INFO] 📥 Собрано: 59 новостей до фильтрации
2026-03-25 09:33:31,293 [INFO]   🤖 AI filter: 20 → 6 новостей (порог 7/10)
2026-03-25 09:33:42,031 [INFO]   🤖 AI filter: 20 → 9 новостей (порог 7/10)
2026-03-25 09:33:52,859 [INFO]   🤖 AI filter: 19 → 9 новостей (порог 7/10)
2026-03-25 09:33:52,862 [INFO] ✅ После AI-фильтра: 24 новостей
2026-03-25 09:33:52,863 [WARNING] DB connection lost: server closed the connection unexpectedly
	This probably means the server terminated abnormally
	before or while processing the request.
server closed the connection unexpectedly
	This probably means the server terminated abnormally
	before or while processing the request.

2026-03-25 09:33:52,863 [ERROR] ❌ БД недоступна: server closed the connection unexpectedly
	This probably means the server terminated abnormally
	before or while processing the request.
server closed the connection unexpectedly
	This probably means the server terminated abnormally
	before or while processing the request.
. Retry в 60 сек.
2026-03-25 09:34:55,952 [INFO] ✅ БД подключена
2026-03-25 09:34:55,955 [INFO] 🌐 Web: ФНС России
2026-03-25 09:34:55,959 [INFO] 🌐 Web: Клерк.ру
2026-03-25 09:34:55,960 [INFO] 🌐 Web: Audit-IT
2026-03-25 09:34:58,814 [INFO]   🔍 ФНС России: 15 кандидатов
2026-03-25 09:35:01,161 [INFO]   🔍 Клерк.ру: 15 кандидатов
2026-03-25 09:35:07,594 [INFO]   ✅ ФНС России: 15 статей
2026-03-25 09:35:07,596 [INFO] 🌐 Web: Главбух
2026-03-25 09:35:14,832 [INFO]   🔍 Главбух: 15 кандидатов
2026-03-25 09:35:16,261 [WARNING]   Timeout attempt 1/3: https://www.audit-it.ru/news/account/
2026-03-25 09:35:39,339 [WARNING]   Timeout attempt 2/3: https://www.audit-it.ru/news/account/
2026-03-25 09:35:42,411 [INFO]   ✅ Главбух: 15 статей
2026-03-25 09:35:46,897 [INFO] 🚀 ЭлитФинанс News Scraper | интервал: 30 мин
2026-03-25 09:35:46,900 [INFO] 🌐 Web: ФНС России
2026-03-25 09:35:46,901 [INFO] 🌐 Web: Клерк.ру
2026-03-25 09:35:46,903 [INFO] 🌐 Web: Audit-IT
2026-03-25 09:35:49,464 [INFO]   🔍 ФНС России: 15 кандидатов
2026-03-25 09:35:57,516 [INFO]   🔍 Клерк.ру: 15 кандидатов
2026-03-25 09:35:58,512 [INFO]   ✅ ФНС России: 15 статей
2026-03-25 09:35:58,515 [INFO] 🌐 Web: Главбух
2026-03-25 09:36:06,967 [WARNING]   Timeout attempt 1/3: https://www.audit-it.ru/news/account/
2026-03-25 09:36:07,029 [INFO]   🔍 Главбух: 15 кандидатов
2026-03-25 09:36:30,005 [WARNING]   Timeout attempt 2/3: https://www.audit-it.ru/news/account/
2026-03-25 09:36:33,342 [INFO]   ✅ Главбух: 15 статей
2026-03-25 09:36:56,028 [WARNING]   Timeout attempt 3/3: https://www.audit-it.ru/news/account/
2026-03-25 09:36:57,581 [INFO]   ✅ Клерк.ру: 15 статей
2026-03-25 09:36:57,585 [INFO] 📥 Собрано: 45 новостей до фильтрации
2026-03-25 09:37:08,672 [INFO]   🤖 AI filter: 20 → 9 новостей (порог 7/10)
2026-03-25 09:37:19,277 [INFO]   🤖 AI filter: 20 → 9 новостей (порог 7/10)
2026-03-25 09:37:25,641 [INFO]   🤖 AI filter: 5 → 2 новостей (порог 7/10)
2026-03-25 09:37:25,644 [INFO] ✅ После AI-фильтра: 20 новостей
2026-03-25 09:37:28,065 [INFO] ✅ БД подключена (свежее соединение)
2026-03-25 09:37:35,132 [INFO] 💾 Новых в БД: 20
2026-03-25 09:37:35,133 [INFO] ⏳ Следующий запуск через 30 мин
2026-03-25 10:07:35,164 [INFO] 🌐 Web: ФНС России
2026-03-25 10:07:35,165 [INFO] 🌐 Web: Клерк.ру
2026-03-25 10:07:35,166 [INFO] 🌐 Web: Audit-IT
2026-03-25 10:07:37,241 [INFO]   🔍 Audit-IT: 15 кандидатов
2026-03-25 10:07:37,459 [INFO]   🔍 ФНС России: 15 кандидатов
2026-03-25 10:07:43,269 [INFO]   🔍 Клерк.ру: 15 кандидатов
2026-03-25 10:07:48,839 [INFO]   ✅ ФНС России: 15 статей
2026-03-25 10:07:48,840 [INFO] 🌐 Web: Главбух
2026-03-25 10:07:49,529 [WARNING]   HTTP 429: https://www.audit-it.ru/news/account/1130867.html
2026-03-25 10:07:51,791 [INFO]   ✅ Audit-IT: 14 статей
2026-03-25 10:08:01,758 [INFO]   🔍 Главбух: 15 кандидатов
2026-03-25 10:08:34,438 [INFO]   ✅ Главбух: 15 статей
2026-03-25 10:08:43,679 [INFO]   ✅ Клерк.ру: 15 статей
2026-03-25 10:08:43,681 [INFO] 📥 Собрано: 59 новостей до фильтрации
2026-03-25 10:08:55,054 [INFO]   🤖 AI filter: 20 → 7 новостей (порог 7/10)
2026-03-25 10:09:07,930 [INFO]   🤖 AI filter: 20 → 12 новостей (порог 7/10)
2026-03-25 10:09:19,133 [INFO]   🤖 AI filter: 19 → 9 новостей (порог 7/10)
2026-03-25 10:09:19,137 [INFO] ✅ После AI-фильтра: 28 новостей
2026-03-25 10:09:21,950 [INFO] ✅ БД подключена (свежее соединение)
2026-03-25 10:09:33,821 [INFO] 💾 Новых в БД: 12
2026-03-25 10:09:33,824 [INFO] ⏳ Следующий запуск через 30 мин
2026-03-25 10:39:33,724 [INFO] 🌐 Web: ФНС России
2026-03-25 10:39:33,725 [INFO] 🌐 Web: Клерк.ру
2026-03-25 10:39:33,726 [INFO] 🌐 Web: Audit-IT
2026-03-25 10:39:36,306 [INFO]   🔍 ФНС России: 15 кандидатов
2026-03-25 10:39:40,279 [INFO]   🔍 Клерк.ру: 15 кандидатов
2026-03-25 10:39:45,560 [INFO]   ✅ ФНС России: 15 статей
2026-03-25 10:39:45,561 [INFO] 🌐 Web: Главбух
2026-03-25 10:39:52,586 [INFO]   🔍 Главбух: 15 кандидатов
2026-03-25 10:39:54,023 [WARNING]   Timeout attempt 1/3: https://www.audit-it.ru/news/account/
2026-03-25 10:40:17,045 [WARNING]   Timeout attempt 2/3: https://www.audit-it.ru/news/account/
2026-03-25 10:40:24,359 [INFO]   ✅ Главбух: 15 статей
2026-03-25 10:40:40,813 [INFO]   ✅ Клерк.ру: 15 статей
2026-03-25 10:40:43,062 [WARNING]   Timeout attempt 3/3: https://www.audit-it.ru/news/account/
2026-03-25 10:40:43,062 [INFO] 📥 Собрано: 45 новостей до фильтрации
2026-03-25 10:40:56,176 [INFO]   🤖 AI filter: 20 → 8 новостей (порог 7/10)
2026-03-25 10:41:06,778 [INFO]   🤖 AI filter: 20 → 7 новостей (порог 7/10)
2026-03-25 10:41:12,404 [INFO]   🤖 AI filter: 5 → 2 новостей (порог 7/10)
2026-03-25 10:41:12,408 [INFO] ✅ После AI-фильтра: 17 новостей
2026-03-25 10:41:15,747 [INFO] ✅ БД подключена (свежее соединение)
2026-03-25 10:41:22,715 [INFO] 💾 Новых в БД: 1
2026-03-25 10:41:22,717 [INFO] ⏳ Следующий запуск через 30 мин
2026-03-25 11:11:22,822 [INFO] 🌐 Web: ФНС России
2026-03-25 11:11:22,823 [INFO] 🌐 Web: Клерк.ру
2026-03-25 11:11:22,823 [INFO] 🌐 Web: Audit-IT
2026-03-25 11:11:27,008 [INFO]   🔍 ФНС России: 15 кандидатов
2026-03-25 11:11:33,334 [INFO]   🔍 Клерк.ру: 15 кандидатов
2026-03-25 11:11:38,669 [INFO]   ✅ ФНС России: 15 статей
2026-03-25 11:11:38,671 [INFO] 🌐 Web: Главбух
2026-03-25 11:11:43,131 [WARNING]   Timeout attempt 1/3: https://www.audit-it.ru/news/account/
2026-03-25 11:11:47,421 [INFO]   🔍 Главбух: 15 кандидатов
2026-03-25 11:12:06,151 [WARNING]   Timeout attempt 2/3: https://www.audit-it.ru/news/account/
2026-03-25 11:12:15,090 [INFO]   ✅ Главбух: 15 статей
2026-03-25 11:12:32,167 [WARNING]   Timeout attempt 3/3: https://www.audit-it.ru/news/account/
2026-03-25 11:12:33,932 [INFO]   ✅ Клерк.ру: 15 статей
2026-03-25 11:12:33,934 [INFO] 📥 Собрано: 45 новостей до фильтрации
2026-03-25 11:12:46,409 [INFO]   🤖 AI filter: 20 → 7 новостей (порог 7/10)
2026-03-25 11:12:57,372 [INFO]   🤖 AI filter: 20 → 9 новостей (порог 7/10)
2026-03-25 11:13:02,948 [INFO]   🤖 AI filter: 5 → 2 новостей (порог 7/10)
2026-03-25 11:13:02,949 [INFO] ✅ После AI-фильтра: 18 новостей
2026-03-25 11:13:06,804 [INFO] ✅ БД подключена (свежее соединение)
2026-03-25 11:13:15,664 [INFO] 💾 Новых в БД: 1
2026-03-25 11:13:15,665 [INFO] ⏳ Следующий запуск через 30 мин
2026-03-25 11:57:14,901 [INFO] 🌐 Web: ФНС России
2026-03-25 11:57:14,903 [INFO] 🌐 Web: Клерк.ру
2026-03-25 11:57:14,906 [INFO] 🌐 Web: Audit-IT
2026-03-25 11:57:17,937 [INFO]   🔍 ФНС России: 15 кандидатов
2026-03-25 11:57:21,108 [INFO]   🔍 Клерк.ру: 15 кандидатов
2026-03-25 11:57:27,972 [INFO]   ✅ ФНС России: 15 статей
2026-03-25 11:57:27,973 [INFO] 🌐 Web: Главбух
2026-03-25 11:57:35,538 [WARNING]   Timeout attempt 1/3: https://www.audit-it.ru/news/account/
2026-03-25 11:57:35,774 [INFO]   🔍 Главбух: 15 кандидатов
2026-03-25 11:57:58,558 [WARNING]   Timeout attempt 2/3: https://www.audit-it.ru/news/account/
2026-03-25 11:58:06,039 [INFO]   ✅ Главбух: 15 статей
2026-03-25 11:58:21,367 [INFO]   ✅ Клерк.ру: 15 статей
2026-03-25 11:58:24,573 [WARNING]   Timeout attempt 3/3: https://www.audit-it.ru/news/account/
2026-03-25 11:58:24,574 [INFO] 📥 Собрано: 45 новостей до фильтрации
2026-03-25 11:58:36,289 [INFO]   🤖 AI filter: 20 → 8 новостей (порог 7/10)
2026-03-25 11:58:48,006 [INFO]   🤖 AI filter: 20 → 10 новостей (порог 7/10)
2026-03-25 11:58:53,750 [INFO]   🤖 AI filter: 5 → 3 новостей (порог 7/10)
2026-03-25 11:58:53,754 [INFO] ✅ После AI-фильтра: 21 новостей
2026-03-25 11:58:57,293 [INFO] ✅ БД подключена (свежее соединение)
2026-03-25 11:59:05,734 [INFO] 💾 Новых в БД: 0
2026-03-25 11:59:05,737 [INFO] ⏳ Следующий запуск через 30 мин
